This is pdfTeX, Version 3.14159265-2.6-1.40.18 (TeX Live 2017/W32TeX) (preloaded format=pdflatex 2018.2.22)  8 JAN 2020 15:34
entering extended mode
 restricted \write18 enabled.
 %&-line parsing enabled.
**./Prostar_UserManual.tex
(./Prostar_UserManual.tex
LaTeX2e <2017-04-15>
Babel <3.18> and hyphenation patterns for 84 language(s) loaded.
(c:/texlive/2017/texmf-dist/tex/latex/base/article.cls
Document Class: article 2014/09/29 v1.4h Standard LaTeX document class
(c:/texlive/2017/texmf-dist/tex/latex/base/size12.clo
File: size12.clo 2014/09/29 v1.4h Standard LaTeX file (size option)
)
\c@part=\count79
\c@section=\count80
\c@subsection=\count81
\c@subsubsection=\count82
\c@paragraph=\count83
\c@subparagraph=\count84
\c@figure=\count85
\c@table=\count86
\abovecaptionskip=\skip41
\belowcaptionskip=\skip42
\bibindent=\dimen102
)
(c:/texlive/2017/texmf-dist/tex/latex/soul/soul.sty
Package: soul 2003/11/17 v2.4 letterspacing/underlining (mf)
\SOUL@word=\toks14
\SOUL@lasttoken=\toks15
\SOUL@cmds=\toks16
\SOUL@buffer=\toks17
\SOUL@token=\toks18
\SOUL@spaceskip=\skip43
\SOUL@ttwidth=\dimen103
\SOUL@uldp=\dimen104
\SOUL@ulht=\dimen105
)
(c:/texlive/2017/texmf-dist/tex/latex/graphics/color.sty
Package: color 2016/07/10 v1.1e Standard LaTeX Color (DPC)

(c:/texlive/2017/texmf-dist/tex/latex/graphics-cfg/color.cfg
File: color.cfg 2016/01/02 v1.6 sample color configuration
)
Package color Info: Driver file: pdftex.def on input line 147.

(c:/texlive/2017/texmf-dist/tex/latex/graphics-def/pdftex.def
File: pdftex.def 2018/01/08 v1.0l Graphics/color driver for pdftex
))
(c:/texlive/2017/texmf-dist/tex/latex/colortbl/colortbl.sty
Package: colortbl 2012/02/13 v1.0a Color table columns (DPC)

(c:/texlive/2017/texmf-dist/tex/latex/tools/array.sty
Package: array 2016/10/06 v2.4d Tabular extension package (FMi)
\col@sep=\dimen106
\extrarowheight=\dimen107
\NC@list=\toks19
\extratabsurround=\skip44
\backup@length=\skip45
)
\everycr=\toks20
\minrowclearance=\skip46
)
(c:/texlive/2017/texmf-dist/tex/latex/url/url.sty
\Urlmuskip=\muskip10
Package: url 2013/09/16  ver 3.4  Verb mode for urls, etc.
)
(c:/texlive/2017/texmf-dist/tex/latex/base/inputenc.sty
Package: inputenc 2015/03/17 v1.2c Input encoding file
\inpenc@prehook=\toks21
\inpenc@posthook=\toks22

(c:/texlive/2017/texmf-dist/tex/latex/base/utf8.def
File: utf8.def 2017/01/28 v1.1t UTF-8 support for inputenc
Now handling font encoding OML ...
... no UTF-8 mapping file for font encoding OML
Now handling font encoding T1 ...
... processing UTF-8 mapping file for font encoding T1

(c:/texlive/2017/texmf-dist/tex/latex/base/t1enc.dfu
File: t1enc.dfu 2017/01/28 v1.1t UTF-8 support for inputenc
   defining Unicode char U+00A0 (decimal 160)
   defining Unicode char U+00A1 (decimal 161)
   defining Unicode char U+00A3 (decimal 163)
   defining Unicode char U+00AB (decimal 171)
   defining Unicode char U+00AD (decimal 173)
   defining Unicode char U+00BB (decimal 187)
   defining Unicode char U+00BF (decimal 191)
   defining Unicode char U+00C0 (decimal 192)
   defining Unicode char U+00C1 (decimal 193)
   defining Unicode char U+00C2 (decimal 194)
   defining Unicode char U+00C3 (decimal 195)
   defining Unicode char U+00C4 (decimal 196)
   defining Unicode char U+00C5 (decimal 197)
   defining Unicode char U+00C6 (decimal 198)
   defining Unicode char U+00C7 (decimal 199)
   defining Unicode char U+00C8 (decimal 200)
   defining Unicode char U+00C9 (decimal 201)
   defining Unicode char U+00CA (decimal 202)
   defining Unicode char U+00CB (decimal 203)
   defining Unicode char U+00CC (decimal 204)
   defining Unicode char U+00CD (decimal 205)
   defining Unicode char U+00CE (decimal 206)
   defining Unicode char U+00CF (decimal 207)
   defining Unicode char U+00D0 (decimal 208)
   defining Unicode char U+00D1 (decimal 209)
   defining Unicode char U+00D2 (decimal 210)
   defining Unicode char U+00D3 (decimal 211)
   defining Unicode char U+00D4 (decimal 212)
   defining Unicode char U+00D5 (decimal 213)
   defining Unicode char U+00D6 (decimal 214)
   defining Unicode char U+00D8 (decimal 216)
   defining Unicode char U+00D9 (decimal 217)
   defining Unicode char U+00DA (decimal 218)
   defining Unicode char U+00DB (decimal 219)
   defining Unicode char U+00DC (decimal 220)
   defining Unicode char U+00DD (decimal 221)
   defining Unicode char U+00DE (decimal 222)
   defining Unicode char U+00DF (decimal 223)
   defining Unicode char U+00E0 (decimal 224)
   defining Unicode char U+00E1 (decimal 225)
   defining Unicode char U+00E2 (decimal 226)
   defining Unicode char U+00E3 (decimal 227)
   defining Unicode char U+00E4 (decimal 228)
   defining Unicode char U+00E5 (decimal 229)
   defining Unicode char U+00E6 (decimal 230)
   defining Unicode char U+00E7 (decimal 231)
   defining Unicode char U+00E8 (decimal 232)
   defining Unicode char U+00E9 (decimal 233)
   defining Unicode char U+00EA (decimal 234)
   defining Unicode char U+00EB (decimal 235)
   defining Unicode char U+00EC (decimal 236)
   defining Unicode char U+00ED (decimal 237)
   defining Unicode char U+00EE (decimal 238)
   defining Unicode char U+00EF (decimal 239)
   defining Unicode char U+00F0 (decimal 240)
   defining Unicode char U+00F1 (decimal 241)
   defining Unicode char U+00F2 (decimal 242)
   defining Unicode char U+00F3 (decimal 243)
   defining Unicode char U+00F4 (decimal 244)
   defining Unicode char U+00F5 (decimal 245)
   defining Unicode char U+00F6 (decimal 246)
   defining Unicode char U+00F8 (decimal 248)
   defining Unicode char U+00F9 (decimal 249)
   defining Unicode char U+00FA (decimal 250)
   defining Unicode char U+00FB (decimal 251)
   defining Unicode char U+00FC (decimal 252)
   defining Unicode char U+00FD (decimal 253)
   defining Unicode char U+00FE (decimal 254)
   defining Unicode char U+00FF (decimal 255)
   defining Unicode char U+0100 (decimal 256)
   defining Unicode char U+0101 (decimal 257)
   defining Unicode char U+0102 (decimal 258)
   defining Unicode char U+0103 (decimal 259)
   defining Unicode char U+0104 (decimal 260)
   defining Unicode char U+0105 (decimal 261)
   defining Unicode char U+0106 (decimal 262)
   defining Unicode char U+0107 (decimal 263)
   defining Unicode char U+0108 (decimal 264)
   defining Unicode char U+0109 (decimal 265)
   defining Unicode char U+010A (decimal 266)
   defining Unicode char U+010B (decimal 267)
   defining Unicode char U+010C (decimal 268)
   defining Unicode char U+010D (decimal 269)
   defining Unicode char U+010E (decimal 270)
   defining Unicode char U+010F (decimal 271)
   defining Unicode char U+0110 (decimal 272)
   defining Unicode char U+0111 (decimal 273)
   defining Unicode char U+0112 (decimal 274)
   defining Unicode char U+0113 (decimal 275)
   defining Unicode char U+0114 (decimal 276)
   defining Unicode char U+0115 (decimal 277)
   defining Unicode char U+0116 (decimal 278)
   defining Unicode char U+0117 (decimal 279)
   defining Unicode char U+0118 (decimal 280)
   defining Unicode char U+0119 (decimal 281)
   defining Unicode char U+011A (decimal 282)
   defining Unicode char U+011B (decimal 283)
   defining Unicode char U+011C (decimal 284)
   defining Unicode char U+011D (decimal 285)
   defining Unicode char U+011E (decimal 286)
   defining Unicode char U+011F (decimal 287)
   defining Unicode char U+0120 (decimal 288)
   defining Unicode char U+0121 (decimal 289)
   defining Unicode char U+0122 (decimal 290)
   defining Unicode char U+0123 (decimal 291)
   defining Unicode char U+0124 (decimal 292)
   defining Unicode char U+0125 (decimal 293)
   defining Unicode char U+0128 (decimal 296)
   defining Unicode char U+0129 (decimal 297)
   defining Unicode char U+012A (decimal 298)
   defining Unicode char U+012B (decimal 299)
   defining Unicode char U+012C (decimal 300)
   defining Unicode char U+012D (decimal 301)
   defining Unicode char U+012E (decimal 302)
   defining Unicode char U+012F (decimal 303)
   defining Unicode char U+0130 (decimal 304)
   defining Unicode char U+0131 (decimal 305)
   defining Unicode char U+0132 (decimal 306)
   defining Unicode char U+0133 (decimal 307)
   defining Unicode char U+0134 (decimal 308)
   defining Unicode char U+0135 (decimal 309)
   defining Unicode char U+0136 (decimal 310)
   defining Unicode char U+0137 (decimal 311)
   defining Unicode char U+0139 (decimal 313)
   defining Unicode char U+013A (decimal 314)
   defining Unicode char U+013B (decimal 315)
   defining Unicode char U+013C (decimal 316)
   defining Unicode char U+013D (decimal 317)
   defining Unicode char U+013E (decimal 318)
   defining Unicode char U+0141 (decimal 321)
   defining Unicode char U+0142 (decimal 322)
   defining Unicode char U+0143 (decimal 323)
   defining Unicode char U+0144 (decimal 324)
   defining Unicode char U+0145 (decimal 325)
   defining Unicode char U+0146 (decimal 326)
   defining Unicode char U+0147 (decimal 327)
   defining Unicode char U+0148 (decimal 328)
   defining Unicode char U+014A (decimal 330)
   defining Unicode char U+014B (decimal 331)
   defining Unicode char U+014C (decimal 332)
   defining Unicode char U+014D (decimal 333)
   defining Unicode char U+014E (decimal 334)
   defining Unicode char U+014F (decimal 335)
   defining Unicode char U+0150 (decimal 336)
   defining Unicode char U+0151 (decimal 337)
   defining Unicode char U+0152 (decimal 338)
   defining Unicode char U+0153 (decimal 339)
   defining Unicode char U+0154 (decimal 340)
   defining Unicode char U+0155 (decimal 341)
   defining Unicode char U+0156 (decimal 342)
   defining Unicode char U+0157 (decimal 343)
   defining Unicode char U+0158 (decimal 344)
   defining Unicode char U+0159 (decimal 345)
   defining Unicode char U+015A (decimal 346)
   defining Unicode char U+015B (decimal 347)
   defining Unicode char U+015C (decimal 348)
   defining Unicode char U+015D (decimal 349)
   defining Unicode char U+015E (decimal 350)
   defining Unicode char U+015F (decimal 351)
   defining Unicode char U+0160 (decimal 352)
   defining Unicode char U+0161 (decimal 353)
   defining Unicode char U+0162 (decimal 354)
   defining Unicode char U+0163 (decimal 355)
   defining Unicode char U+0164 (decimal 356)
   defining Unicode char U+0165 (decimal 357)
   defining Unicode char U+0168 (decimal 360)
   defining Unicode char U+0169 (decimal 361)
   defining Unicode char U+016A (decimal 362)
   defining Unicode char U+016B (decimal 363)
   defining Unicode char U+016C (decimal 364)
   defining Unicode char U+016D (decimal 365)
   defining Unicode char U+016E (decimal 366)
   defining Unicode char U+016F (decimal 367)
   defining Unicode char U+0170 (decimal 368)
   defining Unicode char U+0171 (decimal 369)
   defining Unicode char U+0172 (decimal 370)
   defining Unicode char U+0173 (decimal 371)
   defining Unicode char U+0174 (decimal 372)
   defining Unicode char U+0175 (decimal 373)
   defining Unicode char U+0176 (decimal 374)
   defining Unicode char U+0177 (decimal 375)
   defining Unicode char U+0178 (decimal 376)
   defining Unicode char U+0179 (decimal 377)
   defining Unicode char U+017A (decimal 378)
   defining Unicode char U+017B (decimal 379)
   defining Unicode char U+017C (decimal 380)
   defining Unicode char U+017D (decimal 381)
   defining Unicode char U+017E (decimal 382)
   defining Unicode char U+01CD (decimal 461)
   defining Unicode char U+01CE (decimal 462)
   defining Unicode char U+01CF (decimal 463)
   defining Unicode char U+01D0 (decimal 464)
   defining Unicode char U+01D1 (decimal 465)
   defining Unicode char U+01D2 (decimal 466)
   defining Unicode char U+01D3 (decimal 467)
   defining Unicode char U+01D4 (decimal 468)
   defining Unicode char U+01E2 (decimal 482)
   defining Unicode char U+01E3 (decimal 483)
   defining Unicode char U+01E6 (decimal 486)
   defining Unicode char U+01E7 (decimal 487)
   defining Unicode char U+01E8 (decimal 488)
   defining Unicode char U+01E9 (decimal 489)
   defining Unicode char U+01EA (decimal 490)
   defining Unicode char U+01EB (decimal 491)
   defining Unicode char U+01F0 (decimal 496)
   defining Unicode char U+01F4 (decimal 500)
   defining Unicode char U+01F5 (decimal 501)
   defining Unicode char U+0218 (decimal 536)
   defining Unicode char U+0219 (decimal 537)
   defining Unicode char U+021A (decimal 538)
   defining Unicode char U+021B (decimal 539)
   defining Unicode char U+0232 (decimal 562)
   defining Unicode char U+0233 (decimal 563)
   defining Unicode char U+1E02 (decimal 7682)
   defining Unicode char U+1E03 (decimal 7683)
   defining Unicode char U+200C (decimal 8204)
   defining Unicode char U+2010 (decimal 8208)
   defining Unicode char U+2011 (decimal 8209)
   defining Unicode char U+2012 (decimal 8210)
   defining Unicode char U+2013 (decimal 8211)
   defining Unicode char U+2014 (decimal 8212)
   defining Unicode char U+2015 (decimal 8213)
   defining Unicode char U+2018 (decimal 8216)
   defining Unicode char U+2019 (decimal 8217)
   defining Unicode char U+201A (decimal 8218)
   defining Unicode char U+201C (decimal 8220)
   defining Unicode char U+201D (decimal 8221)
   defining Unicode char U+201E (decimal 8222)
   defining Unicode char U+2030 (decimal 8240)
   defining Unicode char U+2031 (decimal 8241)
   defining Unicode char U+2039 (decimal 8249)
   defining Unicode char U+203A (decimal 8250)
   defining Unicode char U+2423 (decimal 9251)
   defining Unicode char U+1E20 (decimal 7712)
   defining Unicode char U+1E21 (decimal 7713)
)
Now handling font encoding OT1 ...
... processing UTF-8 mapping file for font encoding OT1

(c:/texlive/2017/texmf-dist/tex/latex/base/ot1enc.dfu
File: ot1enc.dfu 2017/01/28 v1.1t UTF-8 support for inputenc
   defining Unicode char U+00A0 (decimal 160)
   defining Unicode char U+00A1 (decimal 161)
   defining Unicode char U+00A3 (decimal 163)
   defining Unicode char U+00AD (decimal 173)
   defining Unicode char U+00B8 (decimal 184)
   defining Unicode char U+00BF (decimal 191)
   defining Unicode char U+00C5 (decimal 197)
   defining Unicode char U+00C6 (decimal 198)
   defining Unicode char U+00D8 (decimal 216)
   defining Unicode char U+00DF (decimal 223)
   defining Unicode char U+00E6 (decimal 230)
   defining Unicode char U+00EC (decimal 236)
   defining Unicode char U+00ED (decimal 237)
   defining Unicode char U+00EE (decimal 238)
   defining Unicode char U+00EF (decimal 239)
   defining Unicode char U+00F8 (decimal 248)
   defining Unicode char U+0131 (decimal 305)
   defining Unicode char U+0141 (decimal 321)
   defining Unicode char U+0142 (decimal 322)
   defining Unicode char U+0152 (decimal 338)
   defining Unicode char U+0153 (decimal 339)
   defining Unicode char U+0174 (decimal 372)
   defining Unicode char U+0175 (decimal 373)
   defining Unicode char U+0176 (decimal 374)
   defining Unicode char U+0177 (decimal 375)
   defining Unicode char U+0218 (decimal 536)
   defining Unicode char U+0219 (decimal 537)
   defining Unicode char U+021A (decimal 538)
   defining Unicode char U+021B (decimal 539)
   defining Unicode char U+2013 (decimal 8211)
   defining Unicode char U+2014 (decimal 8212)
   defining Unicode char U+2018 (decimal 8216)
   defining Unicode char U+2019 (decimal 8217)
   defining Unicode char U+201C (decimal 8220)
   defining Unicode char U+201D (decimal 8221)
)
Now handling font encoding OMS ...
... processing UTF-8 mapping file for font encoding OMS

(c:/texlive/2017/texmf-dist/tex/latex/base/omsenc.dfu
File: omsenc.dfu 2017/01/28 v1.1t UTF-8 support for inputenc
   defining Unicode char U+00A7 (decimal 167)
   defining Unicode char U+00B6 (decimal 182)
   defining Unicode char U+00B7 (decimal 183)
   defining Unicode char U+2020 (decimal 8224)
   defining Unicode char U+2021 (decimal 8225)
   defining Unicode char U+2022 (decimal 8226)
)
Now handling font encoding OMX ...
... no UTF-8 mapping file for font encoding OMX
Now handling font encoding U ...
... no UTF-8 mapping file for font encoding U
   defining Unicode char U+00A9 (decimal 169)
   defining Unicode char U+00AA (decimal 170)
   defining Unicode char U+00AE (decimal 174)
   defining Unicode char U+00BA (decimal 186)
   defining Unicode char U+02C6 (decimal 710)
   defining Unicode char U+02DC (decimal 732)
   defining Unicode char U+200C (decimal 8204)
   defining Unicode char U+2026 (decimal 8230)
   defining Unicode char U+2122 (decimal 8482)
   defining Unicode char U+2423 (decimal 9251)
))
(c:/Users/sw175264/Documents/R/R-devel/library/BiocStyle/resources/tex/Biocondu
ctor.sty

LaTeX Warning: You have requested package `C:/Users/sw175264/Documents/R/R-deve
l/library/BiocStyle/resources/tex/Bioconductor',
               but the package provides `Bioconductor'.

Package: Bioconductor 2016/06/22 Bioconductor LaTeX Style
(c:/texlive/2017/texmf-dist/tex/latex/base/ifthen.sty
Package: ifthen 2014/09/29 v1.1c Standard LaTeX ifthen package (DPC)
)
(c:/texlive/2017/texmf-dist/tex/latex/hyperref/hyperref.sty
Package: hyperref 2018/02/06 v6.86b Hypertext links for LaTeX

(c:/texlive/2017/texmf-dist/tex/generic/oberdiek/hobsub-hyperref.sty
Package: hobsub-hyperref 2016/05/16 v1.14 Bundle oberdiek, subset hyperref (HO)


(c:/texlive/2017/texmf-dist/tex/generic/oberdiek/hobsub-generic.sty
Package: hobsub-generic 2016/05/16 v1.14 Bundle oberdiek, subset generic (HO)
Package: hobsub 2016/05/16 v1.14 Construct package bundles (HO)
Package: infwarerr 2016/05/16 v1.4 Providing info/warning/error messages (HO)
Package: ltxcmds 2016/05/16 v1.23 LaTeX kernel commands for general use (HO)
Package: ifluatex 2016/05/16 v1.4 Provides the ifluatex switch (HO)
Package ifluatex Info: LuaTeX not detected.
Package: ifvtex 2016/05/16 v1.6 Detect VTeX and its facilities (HO)
Package ifvtex Info: VTeX not detected.
Package: intcalc 2016/05/16 v1.2 Expandable calculations with integers (HO)
Package: ifpdf 2017/03/15 v3.2 Provides the ifpdf switch
Package: etexcmds 2016/05/16 v1.6 Avoid name clashes with e-TeX commands (HO)
Package etexcmds Info: Could not find \expanded.
(etexcmds)             That can mean that you are not using pdfTeX 1.50 or
(etexcmds)             that some package has redefined \expanded.
(etexcmds)             In the latter case, load this package earlier.
Package: kvsetkeys 2016/05/16 v1.17 Key value parser (HO)
Package: kvdefinekeys 2016/05/16 v1.4 Define keys (HO)
Package: pdftexcmds 2018/01/21 v0.26 Utility functions of pdfTeX for LuaTeX (HO
)
Package pdftexcmds Info: LuaTeX not detected.
Package pdftexcmds Info: \pdf@primitive is available.
Package pdftexcmds Info: \pdf@ifprimitive is available.
Package pdftexcmds Info: \pdfdraftmode found.
Package: pdfescape 2016/05/16 v1.14 Implements pdfTeX's escape features (HO)
Package: bigintcalc 2016/05/16 v1.4 Expandable calculations on big integers (HO
)
Package: bitset 2016/05/16 v1.2 Handle bit-vector datatype (HO)
Package: uniquecounter 2016/05/16 v1.3 Provide unlimited unique counter (HO)
)
Package hobsub Info: Skipping package `hobsub' (already loaded).
Package: letltxmacro 2016/05/16 v1.5 Let assignment for LaTeX macros (HO)
Package: hopatch 2016/05/16 v1.3 Wrapper for package hooks (HO)
Package: xcolor-patch 2016/05/16 xcolor patch
Package: atveryend 2016/05/16 v1.9 Hooks at the very end of document (HO)
Package atveryend Info: \enddocument detected (standard20110627).
Package: atbegshi 2016/06/09 v1.18 At begin shipout hook (HO)
Package: refcount 2016/05/16 v3.5 Data extraction from label references (HO)
Package: hycolor 2016/05/16 v1.8 Color options for hyperref/bookmark (HO)
)
(c:/texlive/2017/texmf-dist/tex/latex/graphics/keyval.sty
Package: keyval 2014/10/28 v1.15 key=value parser (DPC)
\KV@toks@=\toks23
)
(c:/texlive/2017/texmf-dist/tex/generic/ifxetex/ifxetex.sty
Package: ifxetex 2010/09/12 v0.6 Provides ifxetex conditional
)
(c:/texlive/2017/texmf-dist/tex/latex/oberdiek/auxhook.sty
Package: auxhook 2016/05/16 v1.4 Hooks for auxiliary files (HO)
)
(c:/texlive/2017/texmf-dist/tex/latex/oberdiek/kvoptions.sty
Package: kvoptions 2016/05/16 v3.12 Key value format for package options (HO)
)
\@linkdim=\dimen108
\Hy@linkcounter=\count87
\Hy@pagecounter=\count88

(c:/texlive/2017/texmf-dist/tex/latex/hyperref/pd1enc.def
File: pd1enc.def 2018/02/06 v6.86b Hyperref: PDFDocEncoding definition (HO)
Now handling font encoding PD1 ...
... no UTF-8 mapping file for font encoding PD1
)
\Hy@SavedSpaceFactor=\count89

(c:/texlive/2017/texmf-dist/tex/latex/latexconfig/hyperref.cfg
File: hyperref.cfg 2002/06/06 v1.2 hyperref configuration of TeXLive
)
Package hyperref Info: Option `pdfpagelabels' set `true' on input line 4383.
Package hyperref Info: Option `plainpages' set `false' on input line 4383.
Package hyperref Info: Option `bookmarks' set `true' on input line 4383.
Package hyperref Info: Option `bookmarksopen' set `true' on input line 4383.
Package hyperref Info: Option `bookmarksnumbered' set `true' on input line 4383
.
Package hyperref Info: Option `hyperfootnotes' set `false' on input line 4383.
Package hyperref Info: Option `colorlinks' set `true' on input line 4383.
Package hyperref Info: Option `breaklinks' set `true' on input line 4383.
Package hyperref Info: Option `raiselinks' set `true' on input line 4383.
Package hyperref Info: Option `pdfusetitle' set `true' on input line 4383.
Package hyperref Info: Hyper figures OFF on input line 4509.
Package hyperref Info: Link nesting OFF on input line 4514.
Package hyperref Info: Hyper index ON on input line 4517.
Package hyperref Info: Plain pages OFF on input line 4524.
Package hyperref Info: Backreferencing OFF on input line 4529.
Package hyperref Info: Implicit mode ON; LaTeX internals redefined.
Package hyperref Info: Bookmarks ON on input line 4762.
\c@Hy@tempcnt=\count90
LaTeX Info: Redefining \url on input line 5115.
\XeTeXLinkMargin=\dimen109
\Fld@menulength=\count91
\Field@Width=\dimen110
\Fld@charsize=\dimen111
Package hyperref Info: Hyper figures OFF on input line 6369.
Package hyperref Info: Link nesting OFF on input line 6374.
Package hyperref Info: Hyper index ON on input line 6377.
Package hyperref Info: backreferencing OFF on input line 6384.
Package hyperref Info: Link coloring ON on input line 6387.
Package hyperref Info: Link coloring with OCG OFF on input line 6394.
Package hyperref Info: PDF/A mode OFF on input line 6399.
LaTeX Info: Redefining \ref on input line 6439.
LaTeX Info: Redefining \pageref on input line 6443.
\Hy@abspage=\count92
\c@Item=\count93
)
Package hyperref Info: Driver: hpdftex.

(c:/texlive/2017/texmf-dist/tex/latex/hyperref/hpdftex.def
File: hpdftex.def 2018/02/06 v6.86b Hyperref driver for pdfTeX
\Fld@listcount=\count94
\c@bookmark@seq@number=\count95

(c:/texlive/2017/texmf-dist/tex/latex/oberdiek/rerunfilecheck.sty
Package: rerunfilecheck 2016/05/16 v1.8 Rerun checks for auxiliary files (HO)
Package uniquecounter Info: New unique counter `rerunfilecheck' on input line 2
82.
)
\Hy@SectionHShift=\skip47
)
(c:/texlive/2017/texmf-dist/tex/latex/geometry/geometry.sty
Package: geometry 2010/09/12 v5.6 Page Geometry
\Gm@cnth=\count96
\Gm@cntv=\count97
\c@Gm@tempcnt=\count98
\Gm@bindingoffset=\dimen112
\Gm@wd@mp=\dimen113
\Gm@odd@mp=\dimen114
\Gm@even@mp=\dimen115
\Gm@layoutwidth=\dimen116
\Gm@layoutheight=\dimen117
\Gm@layouthoffset=\dimen118
\Gm@layoutvoffset=\dimen119
\Gm@dimlist=\toks24
)
\hfskip=\skip48
\layoutw=\skip49
\layouth=\skip50
\layouthoff=\skip51
\layoutvoff=\skip52


Package geometry Warning: Over-specification in `h'-direction.
    `width' (384.1122pt) is ignored.

\overhang=\skip53
\rightoffset=\skip54
\fltoffset=\skip55
\capoffset=\skip56
(c:/texlive/2017/texmf-dist/tex/latex/bera/beramono.sty
Package: beramono 2004/01/31 (WaS)
)
(c:/texlive/2017/texmf-dist/tex/latex/base/fontenc.sty
Package: fontenc 2017/04/05 v2.0i Standard LaTeX package

(c:/texlive/2017/texmf-dist/tex/latex/base/t1enc.def
File: t1enc.def 2017/04/05 v2.0i Standard LaTeX file
LaTeX Font Info:    Redeclaring font encoding T1 on input line 48.
))
(c:/texlive/2017/texmf-dist/tex/latex/etoolbox/etoolbox.sty
Package: etoolbox 2018/02/11 v2.5e e-TeX tools for LaTeX (JAW)
\etb@tempcnta=\count99
)
(c:/texlive/2017/texmf-dist/tex/latex/titlesec/titlesec.sty
Package: titlesec 2016/03/21 v2.10.2 Sectioning titles
\ttl@box=\box26
\beforetitleunit=\skip57
\aftertitleunit=\skip58
\ttl@plus=\dimen120
\ttl@minus=\dimen121
\ttl@toksa=\toks25
\titlewidth=\dimen122
\titlewidthlast=\dimen123
\titlewidthfirst=\dimen124
)
(c:/texlive/2017/texmf-dist/tex/latex/titlesec/ttlkeys.def
File: ttlkeys.def 2016/03/15
)
(c:/texlive/2017/texmf-dist/tex/latex/framed/framed.sty
Package: framed 2011/10/22 v 0.96: framed or shaded text with page breaks
\OuterFrameSep=\skip59
\fb@frw=\dimen125
\fb@frh=\dimen126
\FrameRule=\dimen127
\FrameSep=\dimen128
)
\voverhang=\skip60

(c:/texlive/2017/texmf-dist/tex/latex/fancyhdr/fancyhdr.sty
Package: fancyhdr 2017/06/30 v3.9a Extensive control of page headers and footer
s
\f@nch@headwidth=\skip61
\f@nch@O@elh=\skip62
\f@nch@O@erh=\skip63
\f@nch@O@olh=\skip64
\f@nch@O@orh=\skip65
\f@nch@O@elf=\skip66
\f@nch@O@erf=\skip67
\f@nch@O@olf=\skip68
\f@nch@O@orf=\skip69
)

Package Fancyhdr Warning: \fancyhead's `E' option without twoside option is use
less on input line 162.

(c:/texlive/2017/texmf-dist/tex/latex/enumitem/enumitem.sty
Package: enumitem 2011/09/28 v3.5.2 Customized lists
\labelindent=\skip70
\enit@outerparindent=\dimen129
\enit@toks=\toks26
\enit@inbox=\box27
\enitdp@description=\count100
)
(c:/texlive/2017/texmf-dist/tex/latex/parskip/parskip.sty
Package: parskip 2001/04/09 non-zero parskip adjustments
)
(c:/texlive/2017/texmf-dist/tex/latex/nowidow/nowidow.sty
Package: nowidow 2011/09/20 1.0 Easily prevent widows and orphans
Package: nowidow 
)
(c:/texlive/2017/texmf-dist/tex/latex/parnotes/parnotes.sty
Package: parnotes 2016/08/15 rev. 3 Notes after every paragraph, or elsewhere
\c@parnotemark=\count101
)
(c:/texlive/2017/texmf-dist/tex/latex/preprint/authblk.sty
Package: authblk 2001/02/27 1.3 (PWD)
\affilsep=\skip71
\@affilsep=\skip72
\c@Maxaffil=\count102
\c@authors=\count103
\c@affil=\count104
)
(c:/texlive/2017/texmf-dist/tex/latex/placeins/placeins.sty
Package: placeins 2005/04/18  v 2.2
)
(c:/texlive/2017/texmf-dist/tex/latex/ms/ragged2e.sty
Package: ragged2e 2009/05/21 v2.1 ragged2e Package (MS)

(c:/texlive/2017/texmf-dist/tex/latex/ms/everysel.sty
Package: everysel 2011/10/28 v1.2 EverySelectfont Package (MS)
)
\CenteringLeftskip=\skip73
\RaggedLeftLeftskip=\skip74
\RaggedRightLeftskip=\skip75
\CenteringRightskip=\skip76
\RaggedLeftRightskip=\skip77
\RaggedRightRightskip=\skip78
\CenteringParfillskip=\skip79
\RaggedLeftParfillskip=\skip80
\RaggedRightParfillskip=\skip81
\JustifyingParfillskip=\skip82
\CenteringParindent=\skip83
\RaggedLeftParindent=\skip84
\RaggedRightParindent=\skip85
\JustifyingParindent=\skip86
)
(c:/texlive/2017/texmf-dist/tex/latex/footmisc/footmisc.sty
Package: footmisc 2011/06/06 v5.5b a miscellany of footnote facilities
\FN@temptoken=\toks27
\footnotemargin=\dimen130
\c@pp@next@reset=\count105
Package footmisc Info: Declaring symbol style bringhurst on input line 855.
Package footmisc Info: Declaring symbol style chicago on input line 863.
Package footmisc Info: Declaring symbol style wiley on input line 872.
Package footmisc Info: Declaring symbol style lamport-robust on input line 883.

Package footmisc Info: Declaring symbol style lamport* on input line 903.
Package footmisc Info: Declaring symbol style lamport*-robust on input line 924
.
)
(c:/texlive/2017/texmf-dist/tex/latex/marginfix/marginfix.sty
Package: marginfix 2013/09/08 v1.1 Fix Margin Paragraphs
\Mfx@inject@insert=\insert199
\Mfx@marginbox=\box28
\Mfx@marginpos@min=\dimen131
\Mfx@marginpos@max=\dimen132
\Mfx@marginspace=\dimen133
\Mfx@marginheight=\dimen134
\Mfx@piece@content=\box29
\Mfx@piece@count=\count106
\Mfx@mparshift=\dimen135
\marginheightadjustment=\dimen136
\marginposadjustment=\dimen137
\Mfx@strutheight=\dimen138
)
(c:/texlive/2017/texmf-dist/tex/latex/graphics/graphicx.sty
Package: graphicx 2017/06/01 v1.1a Enhanced LaTeX Graphics (DPC,SPQR)

(c:/texlive/2017/texmf-dist/tex/latex/graphics/graphics.sty
Package: graphics 2017/06/25 v1.2c Standard LaTeX Graphics (DPC,SPQR)

(c:/texlive/2017/texmf-dist/tex/latex/graphics/trig.sty
Package: trig 2016/01/03 v1.10 sin cos tan (DPC)
)
(c:/texlive/2017/texmf-dist/tex/latex/graphics-cfg/graphics.cfg
File: graphics.cfg 2016/06/04 v1.11 sample graphics configuration
)
Package graphics Info: Driver file: pdftex.def on input line 99.
)
\Gin@req@height=\dimen139
\Gin@req@width=\dimen140
)
(c:/texlive/2017/texmf-dist/tex/latex/changepage/changepage.sty
Package: changepage 2009/10/20 v1.0c check page and change page layout
\c@cp@cntr=\count107
\cp@tempcnt=\count108
)
(c:/texlive/2017/texmf-dist/tex/latex/caption/caption.sty
Package: caption 2016/02/21 v3.3-144 Customizing captions (AR)

(c:/texlive/2017/texmf-dist/tex/latex/caption/caption3.sty
Package: caption3 2016/05/22 v1.7-166 caption3 kernel (AR)
Package caption3 Info: TeX engine: e-TeX on input line 67.
\captionmargin=\dimen141
\captionmargin@=\dimen142
\captionwidth=\dimen143
\caption@tempdima=\dimen144
\caption@indent=\dimen145
\caption@parindent=\dimen146
\caption@hangindent=\dimen147
)
\c@ContinuedFloat=\count109
Package caption Info: hyperref package is loaded.
)
(c:/texlive/2017/texmf-dist/tex/generic/xstring/xstring.sty
(c:/texlive/2017/texmf-dist/tex/generic/xstring/xstring.tex
\@xs@message=\write3
\integerpart=\count110
\decimalpart=\count111
)
Package: xstring 2013/10/13  v1.7c  String manipulations (C Tellechea)
)
(c:/texlive/2017/texmf-dist/tex/latex/titlesec/titletoc.sty
Package: titletoc 2011/12/15 v1.6 TOC entries
\ttl@leftsep=\dimen148
)
\rightextend=\skip87

(c:/texlive/2017/texmf-dist/tex/latex/mathtools/mathtools.sty
Package: mathtools 2018/01/08 v1.21 mathematical typesetting tools

(c:/texlive/2017/texmf-dist/tex/latex/tools/calc.sty
Package: calc 2014/10/28 v4.3 Infix arithmetic (KKT,FJ)
\calc@Acount=\count112
\calc@Bcount=\count113
\calc@Adimen=\dimen149
\calc@Bdimen=\dimen150
\calc@Askip=\skip88
\calc@Bskip=\skip89
LaTeX Info: Redefining \setlength on input line 80.
LaTeX Info: Redefining \addtolength on input line 81.
\calc@Ccount=\count114
\calc@Cskip=\skip90
)
(c:/texlive/2017/texmf-dist/tex/latex/mathtools/mhsetup.sty
Package: mhsetup 2017/03/31 v1.3 programming setup (MH)
)
(c:/texlive/2017/texmf-dist/tex/latex/amsmath/amsmath.sty
Package: amsmath 2017/09/02 v2.17a AMS math features
\@mathmargin=\skip91

For additional information on amsmath, use the `?' option.
(c:/texlive/2017/texmf-dist/tex/latex/amsmath/amstext.sty
Package: amstext 2000/06/29 v2.01 AMS text

(c:/texlive/2017/texmf-dist/tex/latex/amsmath/amsgen.sty
File: amsgen.sty 1999/11/30 v2.0 generic functions
\@emptytoks=\toks28
\ex@=\dimen151
))
(c:/texlive/2017/texmf-dist/tex/latex/amsmath/amsbsy.sty
Package: amsbsy 1999/11/29 v1.2d Bold Symbols
\pmbraise@=\dimen152
)
(c:/texlive/2017/texmf-dist/tex/latex/amsmath/amsopn.sty
Package: amsopn 2016/03/08 v2.02 operator names
)
\inf@bad=\count115
LaTeX Info: Redefining \frac on input line 213.
\uproot@=\count116
\leftroot@=\count117
LaTeX Info: Redefining \overline on input line 375.
\classnum@=\count118
\DOTSCASE@=\count119
LaTeX Info: Redefining \ldots on input line 472.
LaTeX Info: Redefining \dots on input line 475.
LaTeX Info: Redefining \cdots on input line 596.
\Mathstrutbox@=\box30
\strutbox@=\box31
\big@size=\dimen153
LaTeX Font Info:    Redeclaring font encoding OML on input line 712.
LaTeX Font Info:    Redeclaring font encoding OMS on input line 713.
\macc@depth=\count120
\c@MaxMatrixCols=\count121
\dotsspace@=\muskip11
\c@parentequation=\count122
\dspbrk@lvl=\count123
\tag@help=\toks29
\row@=\count124
\column@=\count125
\maxfields@=\count126
\andhelp@=\toks30
\eqnshift@=\dimen154
\alignsep@=\dimen155
\tagshift@=\dimen156
\tagwidth@=\dimen157
\totwidth@=\dimen158
\lineht@=\dimen159
\@envbody=\toks31
\multlinegap=\skip92
\multlinetaggap=\skip93
\mathdisplay@stack=\toks32
LaTeX Info: Redefining \[ on input line 2817.
LaTeX Info: Redefining \] on input line 2818.
)
LaTeX Info: Thecontrolsequence`\('isalreadyrobust on input line 129.
LaTeX Info: Thecontrolsequence`\)'isalreadyrobust on input line 129.
LaTeX Info: Thecontrolsequence`\['isalreadyrobust on input line 129.
LaTeX Info: Thecontrolsequence`\]'isalreadyrobust on input line 129.
\g_MT_multlinerow_int=\count127
\l_MT_multwidth_dim=\dimen160
\origjot=\skip94
\l_MT_shortvdotswithinadjustabove_dim=\dimen161
\l_MT_shortvdotswithinadjustbelow_dim=\dimen162
\l_MT_above_intertext_sep=\dimen163
\l_MT_below_intertext_sep=\dimen164
\l_MT_above_shortintertext_sep=\dimen165
\l_MT_below_shortintertext_sep=\dimen166
))
(c:/Users/sw175264/DOCUME~1/R/R-devel/share/texmf/tex/latex/Sweave.sty
Package: Sweave 

(c:/texlive/2017/texmf-dist/tex/latex/fancyvrb/fancyvrb.sty
Package: fancyvrb 2008/02/07

Style option: `fancyvrb' v2.7a, with DG/SPQR fixes, and firstline=lastline fix 
<2008/02/07> (tvz)
\FV@CodeLineNo=\count128
\FV@InFile=\read1
\FV@TabBox=\box32
\c@FancyVerbLine=\count129
\FV@StepNumber=\count130
\FV@OutFile=\write4
) (c:/texlive/2017/texmf-dist/tex/latex/base/textcomp.sty
Package: textcomp 2017/04/05 v2.0i Standard LaTeX package
Package textcomp Info: Sub-encoding information:
(textcomp)               5 = only ISO-Adobe without \textcurrency
(textcomp)               4 = 5 + \texteuro
(textcomp)               3 = 4 + \textohm
(textcomp)               2 = 3 + \textestimated + \textcurrency
(textcomp)               1 = TS1 - \textcircled - \t
(textcomp)               0 = TS1 (full)
(textcomp)             Font families with sub-encoding setting implement
(textcomp)             only a restricted character set as indicated.
(textcomp)             Family '?' is the default used for unknown fonts.
(textcomp)             See the documentation for details.
Package textcomp Info: Setting ? sub-encoding to TS1/1 on input line 79.

(c:/texlive/2017/texmf-dist/tex/latex/base/ts1enc.def
File: ts1enc.def 2001/06/05 v3.0e (jk/car/fm) Standard LaTeX file
Now handling font encoding TS1 ...
... processing UTF-8 mapping file for font encoding TS1

(c:/texlive/2017/texmf-dist/tex/latex/base/ts1enc.dfu
File: ts1enc.dfu 2017/01/28 v1.1t UTF-8 support for inputenc
   defining Unicode char U+00A2 (decimal 162)
   defining Unicode char U+00A3 (decimal 163)
   defining Unicode char U+00A4 (decimal 164)
   defining Unicode char U+00A5 (decimal 165)
   defining Unicode char U+00A6 (decimal 166)
   defining Unicode char U+00A7 (decimal 167)
   defining Unicode char U+00A8 (decimal 168)
   defining Unicode char U+00A9 (decimal 169)
   defining Unicode char U+00AA (decimal 170)
   defining Unicode char U+00AC (decimal 172)
   defining Unicode char U+00AE (decimal 174)
   defining Unicode char U+00AF (decimal 175)
   defining Unicode char U+00B0 (decimal 176)
   defining Unicode char U+00B1 (decimal 177)
   defining Unicode char U+00B2 (decimal 178)
   defining Unicode char U+00B3 (decimal 179)
   defining Unicode char U+00B4 (decimal 180)
   defining Unicode char U+00B5 (decimal 181)
   defining Unicode char U+00B6 (decimal 182)
   defining Unicode char U+00B7 (decimal 183)
   defining Unicode char U+00B9 (decimal 185)
   defining Unicode char U+00BA (decimal 186)
   defining Unicode char U+00BC (decimal 188)
   defining Unicode char U+00BD (decimal 189)
   defining Unicode char U+00BE (decimal 190)
   defining Unicode char U+00D7 (decimal 215)
   defining Unicode char U+00F7 (decimal 247)
   defining Unicode char U+0192 (decimal 402)
   defining Unicode char U+02C7 (decimal 711)
   defining Unicode char U+02D8 (decimal 728)
   defining Unicode char U+02DD (decimal 733)
   defining Unicode char U+0E3F (decimal 3647)
   defining Unicode char U+2016 (decimal 8214)
   defining Unicode char U+2020 (decimal 8224)
   defining Unicode char U+2021 (decimal 8225)
   defining Unicode char U+2022 (decimal 8226)
   defining Unicode char U+2030 (decimal 8240)
   defining Unicode char U+2031 (decimal 8241)
   defining Unicode char U+203B (decimal 8251)
   defining Unicode char U+203D (decimal 8253)
   defining Unicode char U+2044 (decimal 8260)
   defining Unicode char U+204E (decimal 8270)
   defining Unicode char U+2052 (decimal 8274)
   defining Unicode char U+20A1 (decimal 8353)
   defining Unicode char U+20A4 (decimal 8356)
   defining Unicode char U+20A6 (decimal 8358)
   defining Unicode char U+20A9 (decimal 8361)
   defining Unicode char U+20AB (decimal 8363)
   defining Unicode char U+20AC (decimal 8364)
   defining Unicode char U+20B1 (decimal 8369)
   defining Unicode char U+2103 (decimal 8451)
   defining Unicode char U+2116 (decimal 8470)
   defining Unicode char U+2117 (decimal 8471)
   defining Unicode char U+211E (decimal 8478)
   defining Unicode char U+2120 (decimal 8480)
   defining Unicode char U+2122 (decimal 8482)
   defining Unicode char U+2126 (decimal 8486)
   defining Unicode char U+2127 (decimal 8487)
   defining Unicode char U+212E (decimal 8494)
   defining Unicode char U+2190 (decimal 8592)
   defining Unicode char U+2191 (decimal 8593)
   defining Unicode char U+2192 (decimal 8594)
   defining Unicode char U+2193 (decimal 8595)
   defining Unicode char U+2329 (decimal 9001)
   defining Unicode char U+232A (decimal 9002)
   defining Unicode char U+2422 (decimal 9250)
   defining Unicode char U+25E6 (decimal 9702)
   defining Unicode char U+25EF (decimal 9711)
   defining Unicode char U+266A (decimal 9834)
))
LaTeX Info: Redefining \oldstylenums on input line 334.
Package textcomp Info: Setting cmr sub-encoding to TS1/0 on input line 349.
Package textcomp Info: Setting cmss sub-encoding to TS1/0 on input line 350.
Package textcomp Info: Setting cmtt sub-encoding to TS1/0 on input line 351.
Package textcomp Info: Setting cmvtt sub-encoding to TS1/0 on input line 352.
Package textcomp Info: Setting cmbr sub-encoding to TS1/0 on input line 353.
Package textcomp Info: Setting cmtl sub-encoding to TS1/0 on input line 354.
Package textcomp Info: Setting ccr sub-encoding to TS1/0 on input line 355.
Package textcomp Info: Setting ptm sub-encoding to TS1/4 on input line 356.
Package textcomp Info: Setting pcr sub-encoding to TS1/4 on input line 357.
Package textcomp Info: Setting phv sub-encoding to TS1/4 on input line 358.
Package textcomp Info: Setting ppl sub-encoding to TS1/3 on input line 359.
Package textcomp Info: Setting pag sub-encoding to TS1/4 on input line 360.
Package textcomp Info: Setting pbk sub-encoding to TS1/4 on input line 361.
Package textcomp Info: Setting pnc sub-encoding to TS1/4 on input line 362.
Package textcomp Info: Setting pzc sub-encoding to TS1/4 on input line 363.
Package textcomp Info: Setting bch sub-encoding to TS1/4 on input line 364.
Package textcomp Info: Setting put sub-encoding to TS1/5 on input line 365.
Package textcomp Info: Setting uag sub-encoding to TS1/5 on input line 366.
Package textcomp Info: Setting ugq sub-encoding to TS1/5 on input line 367.
Package textcomp Info: Setting ul8 sub-encoding to TS1/4 on input line 368.
Package textcomp Info: Setting ul9 sub-encoding to TS1/4 on input line 369.
Package textcomp Info: Setting augie sub-encoding to TS1/5 on input line 370.
Package textcomp Info: Setting dayrom sub-encoding to TS1/3 on input line 371.
Package textcomp Info: Setting dayroms sub-encoding to TS1/3 on input line 372.

Package textcomp Info: Setting pxr sub-encoding to TS1/0 on input line 373.
Package textcomp Info: Setting pxss sub-encoding to TS1/0 on input line 374.
Package textcomp Info: Setting pxtt sub-encoding to TS1/0 on input line 375.
Package textcomp Info: Setting txr sub-encoding to TS1/0 on input line 376.
Package textcomp Info: Setting txss sub-encoding to TS1/0 on input line 377.
Package textcomp Info: Setting txtt sub-encoding to TS1/0 on input line 378.
Package textcomp Info: Setting lmr sub-encoding to TS1/0 on input line 379.
Package textcomp Info: Setting lmdh sub-encoding to TS1/0 on input line 380.
Package textcomp Info: Setting lmss sub-encoding to TS1/0 on input line 381.
Package textcomp Info: Setting lmssq sub-encoding to TS1/0 on input line 382.
Package textcomp Info: Setting lmvtt sub-encoding to TS1/0 on input line 383.
Package textcomp Info: Setting lmtt sub-encoding to TS1/0 on input line 384.
Package textcomp Info: Setting qhv sub-encoding to TS1/0 on input line 385.
Package textcomp Info: Setting qag sub-encoding to TS1/0 on input line 386.
Package textcomp Info: Setting qbk sub-encoding to TS1/0 on input line 387.
Package textcomp Info: Setting qcr sub-encoding to TS1/0 on input line 388.
Package textcomp Info: Setting qcs sub-encoding to TS1/0 on input line 389.
Package textcomp Info: Setting qpl sub-encoding to TS1/0 on input line 390.
Package textcomp Info: Setting qtm sub-encoding to TS1/0 on input line 391.
Package textcomp Info: Setting qzc sub-encoding to TS1/0 on input line 392.
Package textcomp Info: Setting qhvc sub-encoding to TS1/0 on input line 393.
Package textcomp Info: Setting futs sub-encoding to TS1/4 on input line 394.
Package textcomp Info: Setting futx sub-encoding to TS1/4 on input line 395.
Package textcomp Info: Setting futj sub-encoding to TS1/4 on input line 396.
Package textcomp Info: Setting hlh sub-encoding to TS1/3 on input line 397.
Package textcomp Info: Setting hls sub-encoding to TS1/3 on input line 398.
Package textcomp Info: Setting hlst sub-encoding to TS1/3 on input line 399.
Package textcomp Info: Setting hlct sub-encoding to TS1/5 on input line 400.
Package textcomp Info: Setting hlx sub-encoding to TS1/5 on input line 401.
Package textcomp Info: Setting hlce sub-encoding to TS1/5 on input line 402.
Package textcomp Info: Setting hlcn sub-encoding to TS1/5 on input line 403.
Package textcomp Info: Setting hlcw sub-encoding to TS1/5 on input line 404.
Package textcomp Info: Setting hlcf sub-encoding to TS1/5 on input line 405.
Package textcomp Info: Setting pplx sub-encoding to TS1/3 on input line 406.
Package textcomp Info: Setting pplj sub-encoding to TS1/3 on input line 407.
Package textcomp Info: Setting ptmx sub-encoding to TS1/4 on input line 408.
Package textcomp Info: Setting ptmj sub-encoding to TS1/4 on input line 409.
)
Environment Schunk is already defined, stay with former definition)
(./Prostar_UserManual.aux)
\openout1 = `Prostar_UserManual.aux'.

LaTeX Font Info:    Checking defaults for OML/cmm/m/it on input line 34.
LaTeX Font Info:    ... okay on input line 34.
LaTeX Font Info:    Checking defaults for T1/cmr/m/n on input line 34.
LaTeX Font Info:    ... okay on input line 34.
LaTeX Font Info:    Checking defaults for OT1/cmr/m/n on input line 34.
LaTeX Font Info:    ... okay on input line 34.
LaTeX Font Info:    Checking defaults for OMS/cmsy/m/n on input line 34.
LaTeX Font Info:    ... okay on input line 34.
LaTeX Font Info:    Checking defaults for OMX/cmex/m/n on input line 34.
LaTeX Font Info:    ... okay on input line 34.
LaTeX Font Info:    Checking defaults for U/cmr/m/n on input line 34.
LaTeX Font Info:    ... okay on input line 34.
LaTeX Font Info:    Checking defaults for PD1/pdf/m/n on input line 34.
LaTeX Font Info:    ... okay on input line 34.
LaTeX Font Info:    Checking defaults for TS1/cmr/m/n on input line 34.
LaTeX Font Info:    Try loading font information for TS1+cmr on input line 34.
 (c:/texlive/2017/texmf-dist/tex/latex/base/ts1cmr.fd
File: ts1cmr.fd 2014/09/29 v2.5h Standard LaTeX font definitions
)
LaTeX Font Info:    ... okay on input line 34.
LaTeX Font Info:    Try loading font information for T1+lmss on input line 34.
 (c:/texlive/2017/texmf-dist/tex/latex/lm/t1lmss.fd
File: t1lmss.fd 2009/10/30 v1.6 Font defs for Latin Modern
)
(c:/texlive/2017/texmf-dist/tex/context/base/mkii/supp-pdf.mkii
[Loading MPS to PDF converter (version 2006.09.02).]
\scratchcounter=\count131
\scratchdimen=\dimen167
\scratchbox=\box33
\nofMPsegments=\count132
\nofMParguments=\count133
\everyMPshowfont=\toks33
\MPscratchCnt=\count134
\MPscratchDim=\dimen168
\MPnumerator=\count135
\makeMPintoPDFobject=\count136
\everyMPtoPDFconversion=\toks34
) (c:/texlive/2017/texmf-dist/tex/latex/oberdiek/epstopdf-base.sty
Package: epstopdf-base 2016/05/15 v2.6 Base part for package epstopdf

(c:/texlive/2017/texmf-dist/tex/latex/oberdiek/grfext.sty
Package: grfext 2016/05/16 v1.2 Manage graphics extensions (HO)
)
Package epstopdf-base Info: Redefining graphics rule for `.eps' on input line 4
38.
Package grfext Info: Graphics extension search list:
(grfext)             [.pdf,.png,.jpg,.mps,.jpeg,.jbig2,.jb2,.PDF,.PNG,.JPG,.JPE
G,.JBIG2,.JB2,.eps]
(grfext)             \AppendGraphicsExtensions on input line 456.

(c:/texlive/2017/texmf-dist/tex/latex/latexconfig/epstopdf-sys.cfg
File: epstopdf-sys.cfg 2010/07/13 v1.3 Configuration of (r)epstopdf for TeX Liv
e
))
\AtBeginShipoutBox=\box34
Package hyperref Info: Link coloring ON on input line 34.

(c:/texlive/2017/texmf-dist/tex/latex/hyperref/nameref.sty
Package: nameref 2016/05/21 v2.44 Cross-referencing by name of section

(c:/texlive/2017/texmf-dist/tex/generic/oberdiek/gettitlestring.sty
Package: gettitlestring 2016/05/16 v1.5 Cleanup title references (HO)
)
\c@section@level=\count137
)
LaTeX Info: Redefining \ref on input line 34.
LaTeX Info: Redefining \pageref on input line 34.
LaTeX Info: Redefining \nameref on input line 34.

(./Prostar_UserManual.out) (./Prostar_UserManual.out)
\@outlinefile=\write5
\openout5 = `Prostar_UserManual.out'.


*geometry* driver: auto-detecting
*geometry* detected driver: pdftex
*geometry* verbose mode - [ preamble ] result:
* driver: pdftex
* paper: <default>
* layout: <custom>
* layout(width,height): (597.50787pt,794.96999pt)
* layoutoffset:(h,v)=(8.39355pt,0.0pt)
* modes: includehead includefoot 
* h-part:(L,W,R)=(85.35826pt, 384.11221pt, 128.0374pt)
* v-part:(T,H,B)=(42.67912pt, 709.61174pt, 42.67912pt)
* \paperwidth=614.295pt
* \paperheight=794.96999pt
* \textwidth=384.11221pt
* \textheight=624.2535pt
* \oddsidemargin=21.48183pt
* \evensidemargin=21.48183pt
* \topmargin=-29.59087pt
* \headheight=42.67912pt
* \headsep=0.0pt
* \topskip=12.0pt
* \footskip=42.67912pt
* \marginparwidth=85.35826pt
* \marginparsep=14.22636pt
* \columnsep=10.0pt
* \skip\footins=10.8pt plus 4.0pt minus 2.0pt
* \hoffset=0.0pt
* \voffset=0.0pt
* \mag=1000
* \@twocolumnfalse
* \@twosidefalse
* \@mparswitchfalse
* \@reversemarginfalse
* (1in=72.27pt=25.4mm, 1cm=28.453pt)

ABD: EverySelectfont initializing macros
LaTeX Info: Redefining \selectfont on input line 34.
Package caption Info: Begin \AtBeginDocument code.
Package caption Info: End \AtBeginDocument code.
Package caption Info: We need package `ragged2e' on input line 34.
 (./Prostar_UserManual-concordance.tex)
LaTeX Font Info:    Try loading font information for T1+phv on input line 39.
(c:/texlive/2017/texmf-dist/tex/latex/psnfss/t1phv.fd
File: t1phv.fd 2001/06/04 scalable font definitions for T1/phv.
)
LaTeX Font Info:    Font shape `T1/phv/bx/n' in size <24.88> not available
(Font)              Font shape `T1/phv/b/n' tried instead on input line 39.
LaTeX Font Info:    Font shape `T1/phv/bx/sl' in size <24.88> not available
(Font)              Font shape `T1/phv/b/sl' tried instead on input line 39.
LaTeX Font Info:    Font shape `T1/lmss/bx/it' in size <17.28> not available
(Font)              Font shape `T1/lmss/bx/sl' tried instead on input line 39.
LaTeX Font Info:    Font shape `T1/lmss/bx/it' in size <12> not available
(Font)              Font shape `T1/lmss/bx/sl' tried instead on input line 39.
LaTeX Font Info:    Font shape `T1/lmss/m/it' in size <12> not available
(Font)              Font shape `T1/lmss/m/sl' tried instead on input line 39.
LaTeX Font Info:    Try loading font information for T1+fvm on input line 39.

(c:/texlive/2017/texmf-dist/tex/latex/bera/t1fvm.fd
File: t1fvm.fd 2004/09/07 scalable font definitions for T1/fvm.
)
LaTeX Font Info:    Font shape `T1/fvm/m/n' will be
(Font)              scaled to size 9.57605pt on input line 39.
LaTeX Font Info:    Font shape `T1/phv/bx/n' in size <12> not available
(Font)              Font shape `T1/phv/b/n' tried instead on input line 54.
 [1

{c:/texlive/2017/texmf-var/fonts/map/pdftex/updmap/pdftex.map}] (./Prostar_User
Manual.toc
LaTeX Font Info:    Font shape `T1/phv/bx/sl' in size <12> not available
(Font)              Font shape `T1/phv/b/sl' tried instead on input line 29.
 [2])
\tf@toc=\write6
\openout6 = `Prostar_UserManual.toc'.

 [3]
LaTeX Font Info:    Try loading font information for TS1+lmss on input line 99.


(c:/texlive/2017/texmf-dist/tex/latex/lm/ts1lmss.fd
File: ts1lmss.fd 2009/10/30 v1.6 Font defs for Latin Modern
) [4]
LaTeX Font Info:    Font shape `T1/fvm/m/sl' will be
(Font)              scaled to size 9.57605pt on input line 145.
 [5]
LaTeX Font Info:    Try loading font information for TS1+fvm on input line 156.


(c:/texlive/2017/texmf-dist/tex/latex/bera/ts1fvm.fd
File: ts1fvm.fd 2004/09/07 scalable font definitions for TS1/fvm.
)
LaTeX Font Info:    Font shape `TS1/fvm/m/sl' will be
(Font)              scaled to size 9.57605pt on input line 156.
LaTeX Font Info:    Font shape `T1/fvm/m/n' will be
(Font)              scaled to size 7.98004pt on input line 202.
 [6]
Overfull \hbox (67.65802pt too wide) in paragraph at lines 226--228
[]\T1/lmss/m/n/12 Now, the ap-pli-ca-tion should be avail-able via a web browse
r at http://\T1/lmss/m/sl/12 servername\T1/lmss/m/n/12 :\T1/lmss/m/sl/12 port\T
1/lmss/m/n/12 /Prostar. 
 []

<images/home.png, id=479, 850.67813pt x 610.53094pt>
File: images/home.png Graphic file (type png)
<use images/home.png>
Package pdftex.def Info: images/home.png  used on input line 271.
(pdftex.def)             Requested size: 341.43344pt x 245.04648pt.
LaTeX Font Info:    Font shape `T1/phv/bx/n' in size <10> not available
(Font)              Font shape `T1/phv/b/n' tried instead on input line 272.
LaTeX Font Info:    Font shape `T1/phv/bx/sl' in size <10> not available
(Font)              Font shape `T1/phv/b/sl' tried instead on input line 272.

Overfull \hbox (42.67912pt too wide) in paragraph at lines 272--272
[] [] 
 []

[7] [8 <./images/home.png>]
<images/load-pep.png, id=504, 802.49812pt x 473.51906pt>
File: images/load-pep.png Graphic file (type png)
<use images/load-pep.png>
Package pdftex.def Info: images/load-pep.png  used on input line 307.
(pdftex.def)             Requested size: 341.4429pt x 201.47052pt.

Overfull \hbox (42.67912pt too wide) in paragraph at lines 308--308
[] [] 
 []


Overfull \hbox (15.94473pt too wide) in paragraph at lines 316--329
[][] 
 []


Overfull \hbox (42.67912pt too wide) in paragraph at lines 341--341
[] [] 
 []

[9 <./images/load-pep.png>]
Overfull \hbox (24.58829pt too wide) in paragraph at lines 359--360
[]\T1/lmss/bx/n/12 Normalization \T1/lmss/m/n/12 (see Sec-tion [][]6.2[][]): to
 cor-rect batch ef-fect and sam-ple/condition
 []

[10] [11] [12]
Overfull \hbox (1.53333pt too wide) in paragraph at lines 415--424
[]\T1/lmss/m/n/12 The \T1/lmss/bx/n/12 Dataset man-ager \T1/lmss/m/n/12 al-lows
 it to open, im-port or ex-port quan-ti-ta-tive datasets.
 []


Overfull \hbox (8.1414pt too wide) in paragraph at lines 442--442
\T1/lmss/m/n/10 port/export/save/load 
 []


Overfull \hbox (27.91116pt too wide) in paragraph at lines 442--442
[]\T1/fvm/m/n/10 brary/DAPARdata/extdata[]\T1/lmss/m/n/10 . 
 []

<images/convert_selectfile.png, id=582, 564.60938pt x 450.9347pt>
File: images/convert_selectfile.png Graphic file (type png)
<use images/convert_selectfile.png>
Package pdftex.def Info: images/convert_selectfile.png  used on input line 448.

(pdftex.def)             Requested size: 341.43895pt x 272.69592pt.

Overfull \hbox (42.67912pt too wide) in paragraph at lines 449--449
[] [] 
 []

[13]
<images/convert_dataID.png, id=591, 561.59813pt x 426.84468pt>
File: images/convert_dataID.png Graphic file (type png)
<use images/convert_dataID.png>
Package pdftex.def Info: images/convert_dataID.png  used on input line 455.
(pdftex.def)             Requested size: 341.43465pt x 259.50864pt.

Overfull \hbox (42.67912pt too wide) in paragraph at lines 456--456
[] [] 
 []

<images/convert_exp_featdata.png, id=593, 744.53156pt x 510.40688pt>
File: images/convert_exp_featdata.png Graphic file (type png)
<use images/convert_exp_featdata.png>
Package pdftex.def Info: images/convert_exp_featdata.png  used on input line 46
3.
(pdftex.def)             Requested size: 341.4435pt x 234.0735pt.

Overfull \hbox (42.67912pt too wide) in paragraph at lines 464--464
[] [] 
 []

[14 <./images/convert_selectfile.png>]
<images/convert_sampledata.png, id=603, 862.72313pt x 542.025pt>
File: images/convert_sampledata.png Graphic file (type png)
<use images/convert_sampledata.png>
Package pdftex.def Info: images/convert_sampledata.png  used on input line 473.

(pdftex.def)             Requested size: 341.42352pt x 214.50691pt.

Overfull \hbox (42.67912pt too wide) in paragraph at lines 474--474
[] [] 
 []

<images/convert_convert.png, id=605, 662.475pt x 299.61937pt>
File: images/convert_convert.png Graphic file (type png)
<use images/convert_convert.png>
Package pdftex.def Info: images/convert_convert.png  used on input line 481.
(pdftex.def)             Requested size: 341.4261pt x 154.41771pt.

Overfull \hbox (42.67912pt too wide) in paragraph at lines 482--482
[] [] 
 []

[15 <./images/convert_dataID.png>] [16 <./images/convert_exp_featdata.png> <./i
mages/convert_sampledata.png>]
<images/load-prot.png, id=618, 941.76843pt x 405.01312pt>
File: images/load-prot.png Graphic file (type png)
<use images/load-prot.png>
Package pdftex.def Info: images/load-prot.png  used on input line 488.
(pdftex.def)             Requested size: 341.4362pt x 146.83665pt.

Overfull \hbox (42.67912pt too wide) in paragraph at lines 489--489
[] [] 
 []

[17 <./images/convert_convert.png> <./images/load-prot.png>]
<images/export.png, id=632, 938.75719pt x 496.85625pt>
File: images/export.png Graphic file (type png)
<use images/export.png>
Package pdftex.def Info: images/export.png  used on input line 508.
(pdftex.def)             Requested size: 341.43312pt x 180.71039pt.

Overfull \hbox (42.67912pt too wide) in paragraph at lines 509--509
[] [] 
 []

[18 <./images/export.png>]
<images/filter1.png, id=642, 1220.30907pt x 499.11469pt>
File: images/filter1.png Graphic file (type png)
<use images/filter1.png>
Package pdftex.def Info: images/filter1.png  used on input line 585.
(pdftex.def)             Requested size: 341.42352pt x 139.64453pt.

Overfull \hbox (42.67912pt too wide) in paragraph at lines 586--586
[] [] 
 []

[19]
<images/filter2.png, id=656, 1209.01688pt x 342.5297pt>
File: images/filter2.png Graphic file (type png)
<use images/filter2.png>
Package pdftex.def Info: images/filter2.png  used on input line 617.
(pdftex.def)             Requested size: 341.41876pt x 96.72823pt.

Overfull \hbox (42.67912pt too wide) in paragraph at lines 618--618
[] [] 
 []

<images/filter3.png, id=658, 1204.5pt x 699.36281pt>
File: images/filter3.png Graphic file (type png)
<use images/filter3.png>
Package pdftex.def Info: images/filter3.png  used on input line 648.
(pdftex.def)             Requested size: 341.42978pt x 198.24266pt.

Overfull \hbox (42.67912pt too wide) in paragraph at lines 649--649
[] [] 
 []

[20 <./images/filter1.png> <./images/filter2.png>]
<images/normalisation.png, id=670, 1048.66782pt x 500.62032pt>
File: images/normalisation.png Graphic file (type png)
<use images/normalisation.png>
Package pdftex.def Info: images/normalisation.png  used on input line 678.
(pdftex.def)             Requested size: 341.42105pt x 162.98994pt.

Overfull \hbox (42.67912pt too wide) in paragraph at lines 679--679
[] [] 
 []


Overfull \hbox (3.16858pt too wide) in paragraph at lines 685--688
\T1/lmss/m/n/12 of all the sam-ples are equated, as pro-posed by the [][]\T1/fv
m/m/n/12 nor[][]mal[][]ize.quantiles()[]
 []

[21 <./images/filter3.png>]
Overfull \hbox (5.12332pt too wide) in paragraph at lines 701--702
\T1/lmss/m/n/12 mean in-ten-sity val-ues (and op-tion-ally, the vari-ance dis-t
ri-bu-tions are equated
 []

[22 <./images/normalisation.png>] [23] [24]
<images/protein-POV.png, id=712, 1073.51062pt x 395.22656pt>
File: images/protein-POV.png Graphic file (type png)
<use images/protein-POV.png>
Package pdftex.def Info: images/protein-POV.png  used on input line 774.
(pdftex.def)             Requested size: 341.43372pt x 125.70316pt.

Overfull \hbox (42.67912pt too wide) in paragraph at lines 775--775
[] [] 
 []

[25] [26 <./images/protein-POV.png>]
<images/protein-MEC.png, id=730, 1283.54532pt x 557.83406pt>
File: images/protein-MEC.png Graphic file (type png)
<use images/protein-MEC.png>
Package pdftex.def Info: images/protein-MEC.png  used on input line 818.
(pdftex.def)             Requested size: 341.43053pt x 148.3871pt.

Overfull \hbox (42.67912pt too wide) in paragraph at lines 819--819
[] [] 
 []

[27]
<images/peptide-basicImputation.png, id=738, 874.76813pt x 682.04813pt>
File: images/peptide-basicImputation.png Graphic file (type png)
<use images/peptide-basicImputation.png>
Package pdftex.def Info: images/peptide-basicImputation.png  used on input line
 846.
(pdftex.def)             Requested size: 341.4385pt x 266.21625pt.

Overfull \hbox (42.67912pt too wide) in paragraph at lines 847--847
[] [] 
 []

[28 <./images/protein-MEC.png>] [29 <./images/peptide-basicImputation.png>]
[30]
<images/peptide-imp4p.png, id=767, 1302.36563pt x 709.14937pt>
File: images/peptide-imp4p.png Graphic file (type png)
<use images/peptide-imp4p.png>
Package pdftex.def Info: images/peptide-imp4p.png  used on input line 876.
(pdftex.def)             Requested size: 341.42897pt x 185.91103pt.

Overfull \hbox (42.67912pt too wide) in paragraph at lines 877--877
[] [] 
 []

<images/aggregation.png, id=772, 1288.815pt x 448.67625pt>
File: images/aggregation.png Graphic file (type png)
<use images/aggregation.png>
Package pdftex.def Info: images/aggregation.png  used on input line 914.
(pdftex.def)             Requested size: 341.43602pt x 118.86441pt.

Overfull \hbox (42.67912pt too wide) in paragraph at lines 915--915
[] [] 
 []

[31 <./images/peptide-imp4p.png>] [32 <./images/aggregation.png>]

LaTeX Warning: Reference `fig:hp' on page 33 undefined on input line 976.

<images/hp.png, id=788, 991.45406pt x 450.9347pt>
File: images/hp.png Graphic file (type png)
<use images/hp.png>
Package pdftex.def Info: images/hp.png  used on input line 979.
(pdftex.def)             Requested size: 341.43175pt x 155.29053pt.

Overfull \hbox (42.67912pt too wide) in paragraph at lines 980--980
[] [] 
 []

[33]
<images/descstat-overview.png, id=799, 810.77907pt x 324.46219pt>
File: images/descstat-overview.png Graphic file (type png)
<use images/descstat-overview.png>
Package pdftex.def Info: images/descstat-overview.png  used on input line 1007.

(pdftex.def)             Requested size: 341.44038pt x 136.63954pt.

Overfull \hbox (42.67912pt too wide) in paragraph at lines 1008--1008
[] [] 
 []

[34 <./images/hp.png>]
<images/desc_missValues.png, id=807, 1053.9375pt x 423.08063pt>
File: images/desc_missValues.png Graphic file (type png)
<use images/desc_missValues.png>
Package pdftex.def Info: images/desc_missValues.png  used on input line 1016.
(pdftex.def)             Requested size: 341.43207pt x 137.06058pt.

Overfull \hbox (42.67912pt too wide) in paragraph at lines 1017--1017
[] [] 
 []

<images/desc_quantiData.png, id=809, 1050.17343pt x 689.57625pt>
File: images/desc_quantiData.png Graphic file (type png)
<use images/desc_quantiData.png>
Package pdftex.def Info: images/desc_quantiData.png  used on input line 1025.
(pdftex.def)             Requested size: 341.43051pt x 224.1938pt.

Overfull \hbox (42.67912pt too wide) in paragraph at lines 1026--1026
[] [] 
 []

[35 <./images/descstat-overview.png> <./images/desc_missValues.png>]
<images/desc_fdata.png, id=818, 1038.88126pt x 548.0475pt>
File: images/desc_fdata.png Graphic file (type png)
<use images/desc_fdata.png>
Package pdftex.def Info: images/desc_fdata.png  used on input line 1032.
(pdftex.def)             Requested size: 341.42104pt x 180.11197pt.

Overfull \hbox (42.67912pt too wide) in paragraph at lines 1033--1033
[] [] 
 []

<images/desc_pdata.png, id=820, 912.40875pt x 377.15906pt>
File: images/desc_pdata.png Graphic file (type png)
<use images/desc_pdata.png>
Package pdftex.def Info: images/desc_pdata.png  used on input line 1044.
(pdftex.def)             Requested size: 341.42848pt x 141.13504pt.

Overfull \hbox (42.67912pt too wide) in paragraph at lines 1045--1045
[] [] 
 []

[36 <./images/desc_quantiData.png> <./images/desc_fdata.png>]
<images/desc_corrmatrix.png, id=829, 916.1728pt x 545.78906pt>
File: images/desc_corrmatrix.png Graphic file (type png)
<use images/desc_corrmatrix.png>
Package pdftex.def Info: images/desc_corrmatrix.png  used on input line 1054.
(pdftex.def)             Requested size: 341.42506pt x 203.3962pt.

Overfull \hbox (42.67912pt too wide) in paragraph at lines 1055--1055
[] [] 
 []

[37 <./images/desc_pdata.png> <./images/desc_corrmatrix.png>]
<images/desc_heatmap.png, id=839, 913.91437pt x 528.47438pt>
File: images/desc_heatmap.png Graphic file (type png)
<use images/desc_heatmap.png>
Package pdftex.def Info: images/desc_heatmap.png  used on input line 1066.
(pdftex.def)             Requested size: 341.43408pt x 197.43552pt.

Overfull \hbox (42.67912pt too wide) in paragraph at lines 1067--1067
[] [] 
 []

<images/desc_PCA.png, id=840, 1443.89438pt x 684.30656pt>
File: images/desc_PCA.png Graphic file (type png)
<use images/desc_PCA.png>
Package pdftex.def Info: images/desc_PCA.png  used on input line 1073.
(pdftex.def)             Requested size: 341.4303pt x 161.81445pt.

Overfull \hbox (42.67912pt too wide) in paragraph at lines 1074--1074
[] [] 
 []

<images/desc_intdistrib.png, id=845, 1428.83812pt x 551.81157pt>
File: images/desc_intdistrib.png Graphic file (type png)
<use images/desc_intdistrib.png>
Package pdftex.def Info: images/desc_intdistrib.png  used on input line 1087.
(pdftex.def)             Requested size: 341.4238pt x 131.8565pt.

Overfull \hbox (42.67912pt too wide) in paragraph at lines 1088--1088
[] [] 
 []

[38 <./images/desc_heatmap.png>]
<images/desc_CVDist_ZoomOut.png, id=857, 788.9475pt x 550.30594pt>
File: images/desc_CVDist_ZoomOut.png Graphic file (type png)
<use images/desc_CVDist_ZoomOut.png>
Package pdftex.def Info: images/desc_CVDist_ZoomOut.png  used on input line 110
0.
(pdftex.def)             Requested size: 341.43178pt x 238.15518pt.

Overfull \hbox (42.67912pt too wide) in paragraph at lines 1101--1101
[] [] 
 []

<images/desc_CVDist_ZoomIn.png, id=858, 776.9025pt x 551.05875pt>
File: images/desc_CVDist_ZoomIn.png Graphic file (type png)
<use images/desc_CVDist_ZoomIn.png>
Package pdftex.def Info: images/desc_CVDist_ZoomIn.png  used on input line 1105
.
(pdftex.def)             Requested size: 341.43509pt x 242.1807pt.

Overfull \hbox (42.67912pt too wide) in paragraph at lines 1106--1106
[] [] 
 []

[39 <./images/desc_PCA.png> <./images/desc_intdistrib.png>]
Overfull \vbox (11.16362pt too high) has occurred while \output is active []


[40 <./images/desc_CVDist_ZoomOut.png> <./images/desc_CVDist_ZoomIn.png>]
<images/pushpval.png, id=875, 982.42032pt x 661.72218pt>
File: images/pushpval.png Graphic file (type png)
<use images/pushpval.png>
Package pdftex.def Info: images/pushpval.png  used on input line 1122.
(pdftex.def)             Requested size: 341.4238pt x 229.9705pt.

Overfull \hbox (42.67912pt too wide) in paragraph at lines 1123--1123
[] [] 
 []

<images/cp4p-default.png, id=878, 1005.00468pt x 491.58656pt>
File: images/cp4p-default.png Graphic file (type png)
<use images/cp4p-default.png>
Package pdftex.def Info: images/cp4p-default.png  used on input line 1130.
(pdftex.def)             Requested size: 341.42104pt x 167.0022pt.

Overfull \hbox (42.67912pt too wide) in paragraph at lines 1131--1131
[] [] 
 []

[41 <./images/pushpval.png>]
<images/fdr-thresh.png, id=888, 992.95969pt x 697.10437pt>
File: images/fdr-thresh.png Graphic file (type png)
<use images/fdr-thresh.png>
Package pdftex.def Info: images/fdr-thresh.png  used on input line 1137.
(pdftex.def)             Requested size: 341.4351pt x 239.70349pt.

Overfull \hbox (42.67912pt too wide) in paragraph at lines 1138--1138
[] [] 
 []

<images/anadiffsum.png, id=890, 801.74532pt x 429.10312pt>
File: images/anadiffsum.png Graphic file (type png)
<use images/anadiffsum.png>
Package pdftex.def Info: images/anadiffsum.png  used on input line 1144.
(pdftex.def)             Requested size: 341.44069pt x 182.74289pt.

Overfull \hbox (42.67912pt too wide) in paragraph at lines 1145--1145
[] [] 
 []

[42 <./images/cp4p-default.png> <./images/fdr-thresh.png>] [43 <./images/anadif
fsum.png>]
<images/cp4p-ideal.png, id=907, 469.755pt x 420.06938pt>
File: images/cp4p-ideal.png Graphic file (type png)
<use images/cp4p-ideal.png>
Package pdftex.def Info: images/cp4p-ideal.png  used on input line 1165.
(pdftex.def)             Requested size: 341.43456pt x 305.32129pt.

Overfull \hbox (42.67912pt too wide) in paragraph at lines 1166--1166
[] [] 
 []

<images/cp4p-pb1.png, id=910, 402.00188pt x 358.33875pt>
File: images/cp4p-pb1.png Graphic file (type png)
<use images/cp4p-pb1.png>
Package pdftex.def Info: images/cp4p-pb1.png  used on input line 1173.
(pdftex.def)             Requested size: 341.4333pt x 304.34879pt.

Overfull \hbox (42.67912pt too wide) in paragraph at lines 1174--1174
[] [] 
 []

<images/cp4p-pb2.png, id=911, 493.0922pt x 422.32782pt>
File: images/cp4p-pb2.png Graphic file (type png)
<use images/cp4p-pb2.png>
Package pdftex.def Info: images/cp4p-pb2.png  used on input line 1179.
(pdftex.def)             Requested size: 341.44534pt x 292.44402pt.

Overfull \hbox (42.67912pt too wide) in paragraph at lines 1180--1180
[] [] 
 []

<images/cp4p-choice.png, id=915, 594.22pt x 577.15625pt>
File: images/cp4p-choice.png Graphic file (type png)
<use images/cp4p-choice.png>
Package pdftex.def Info: images/cp4p-choice.png  used on input line 1187.
(pdftex.def)             Requested size: 341.44717pt x 331.64209pt.

Overfull \hbox (42.67912pt too wide) in paragraph at lines 1188--1188
[] [] 
 []

[44] [45 <./images/cp4p-ideal.png>]
<images/GO_tab1.png, id=939, 804.00375pt x 561.59813pt>
File: images/GO_tab1.png Graphic file (type png)
<use images/GO_tab1.png>
Package pdftex.def Info: images/GO_tab1.png  used on input line 1220.
(pdftex.def)             Requested size: 341.43332pt x 238.4918pt.

Overfull \hbox (42.67912pt too wide) in paragraph at lines 1221--1221
[] [] 
 []

[46 <./images/cp4p-pb1.png>]
<images/GO_tab2.png, id=949, 1000.48781pt x 407.27156pt>
File: images/GO_tab2.png Graphic file (type png)
<use images/GO_tab2.png>
Package pdftex.def Info: images/GO_tab2.png  used on input line 1248.
(pdftex.def)             Requested size: 341.42845pt x 138.98628pt.

Overfull \hbox (42.67912pt too wide) in paragraph at lines 1249--1249
[] [] 
 []

[47 <./images/cp4p-pb2.png>] [48 <./images/cp4p-choice.png> <./images/GO_tab1.p
ng>]
<images/GO_tab3.png, id=968, 912.40875pt x 688.82344pt>
File: images/GO_tab3.png Graphic file (type png)
<use images/GO_tab3.png>
Package pdftex.def Info: images/GO_tab3.png  used on input line 1269.
(pdftex.def)             Requested size: 341.42848pt x 257.7616pt.

Overfull \hbox (42.67912pt too wide) in paragraph at lines 1270--1270
[] [] 
 []

[49 <./images/GO_tab2.png> <./images/GO_tab3.png>]
<images/GO_tab4.png, id=981, 1014.03844pt x 305.64188pt>
File: images/GO_tab4.png Graphic file (type png)
<use images/GO_tab4.png>
Package pdftex.def Info: images/GO_tab4.png  used on input line 1301.
(pdftex.def)             Requested size: 341.42635pt x 102.90948pt.

Overfull \hbox (42.67912pt too wide) in paragraph at lines 1302--1302
[] [] 
 []

[50 <./images/GO_tab4.png>] [51]
Package atveryend Info: Empty hook `BeforeClearDocument' on input line 1370.
 [52]
Package atveryend Info: Empty hook `AfterLastShipout' on input line 1370.
 (./Prostar_UserManual.aux)
Package atveryend Info: Executing hook `AtVeryEndDocument' on input line 1370.
Package atveryend Info: Executing hook `AtEndAfterFileList' on input line 1370.

Package rerunfilecheck Info: File `Prostar_UserManual.out' has not changed.
(rerunfilecheck)             Checksum: 3BD97325268D01A2759CBD2968E7DF37;3263.


LaTeX Warning: There were undefined references.

Package atveryend Info: Empty hook `AtVeryVeryEnd' on input line 1370.
 ) 
Here is how much of TeX's memory you used:
 12110 strings out of 492982
 179893 string characters out of 6136225
 292808 words of memory out of 5000000
 15224 multiletter control sequences out of 15000+600000
 114723 words of font info for 94 fonts, out of 8000000 for 9000
 1141 hyphenation exceptions out of 8191
 51i,14n,59p,1465b,560s stack positions out of 5000i,500n,10000p,200000b,80000s
{c:/texlive/2017/texmf-dist/fonts/enc/dvips/base/8r.enc}{c:/texlive/2017/texm
f-dist/fonts/enc/dvips/lm/lm-ts1.enc}{c:/texlive/2017/texmf-dist/fonts/enc/dvip
s/lm/lm-ec.enc}<c:/texlive/2017/texmf-dist/fonts/type1/public/amsfonts/cm/cmmi1
0.pfb><c:/texlive/2017/texmf-dist/fonts/type1/public/amsfonts/cm/cmmi12.pfb><c:
/texlive/2017/texmf-dist/fonts/type1/public/amsfonts/cm/cmr12.pfb><c:/texlive/2
017/texmf-dist/fonts/type1/public/amsfonts/cm/cmr7.pfb><c:/texlive/2017/texmf-d
ist/fonts/type1/public/amsfonts/cm/cmr8.pfb><c:/texlive/2017/texmf-dist/fonts/t
ype1/public/amsfonts/cm/cmsy10.pfb><c:/texlive/2017/texmf-dist/fonts/type1/publ
ic/amsfonts/cm/cmsy8.pfb><c:/texlive/2017/texmf-dist/fonts/type1/public/bera/fv
mr8a.pfb><c:/texlive/2017/texmf-dist/fonts/type1/public/bera/fvmro8a.pfb><c:/te
xlive/2017/texmf-dist/fonts/type1/public/lm/lmss10.pfb><c:/texlive/2017/texmf-d
ist/fonts/type1/public/lm/lmss12.pfb><c:/texlive/2017/texmf-dist/fonts/type1/pu
blic/lm/lmss8.pfb><c:/texlive/2017/texmf-dist/fonts/type1/public/lm/lmssbo10.pf
b><c:/texlive/2017/texmf-dist/fonts/type1/public/lm/lmssbx10.pfb><c:/texlive/20
17/texmf-dist/fonts/type1/public/lm/lmsso10.pfb><c:/texlive/2017/texmf-dist/fon
ts/type1/public/lm/lmsso12.pfb><c:/texlive/2017/texmf-dist/fonts/type1/urw/helv
etic/uhvb8a.pfb><c:/texlive/2017/texmf-dist/fonts/type1/urw/helvetic/uhvbo8a.pf
b><c:/texlive/2017/texmf-dist/fonts/type1/urw/helvetic/uhvr8a.pfb><c:/texlive/2
017/texmf-dist/fonts/type1/urw/helvetic/uhvro8a.pfb>
Output written on Prostar_UserManual.pdf (52 pages, 1885160 bytes).
PDF statistics:
 1105 PDF objects out of 1200 (max. 8388607)
 923 compressed objects within 10 object streams
 168 named destinations out of 1000 (max. 500000)
 575 words of extra memory for PDF output out of 10000 (max. 10000000)

