[1] "HomeTab"
[1] "bugReportTab"
Warning: Error in <Anonymous>: unable to find an inherited method for function ‘pData’ for signature ‘"NULL"’
  97: stop
  96: <Anonymous>
  95: pData
  92: renderUI [server/srv_BugReport.R#38]
  91: func
  78: origRenderFunc
  77: output$pasteToMail
   1: runApp
Session stopped

Listening on http://127.0.0.1:5436
Warning in Sys.setlocale("LC_ALL", "en_GB.UTF-8") :
  OS reports request to set locale to "en_GB.UTF-8" cannot be honored
[1] "C:\\Users\\sw175264\\AppData\\Local\\Temp\\Rtmp6f0kea /shiny_ 112 .log"
Warning in sink(con, append = TRUE) :
  cannot open file 'C:\Users\sw175264\AppData\Local\Temp\Rtmp6f0kea /shiny_ 112 .log': No such file or directory
Warning: Error in sink: cannot open the connection
  50: sink
  49: server [C:\Users\sw175264\Documents\GitHub\Prostar\inst\ProstarApp/server.R#30]
Error in sink(con, append = TRUE) : cannot open the connection

